kotlin version: 2.2.20
error message: java.lang.ArrayIndexOutOfBoundsException: arraycopy: last destination index 21 out of bounds for byte[16]
	at java.base/java.lang.System.arraycopy(Native Method)
	at java.base/java.lang.String.getBytes(String.java:4479)
	at java.base/java.lang.AbstractStringBuilder.putStringAt(AbstractStringBuilder.java:1720)
	at java.base/java.lang.AbstractStringBuilder.putStringAt(AbstractStringBuilder.java:1724)
	at java.base/java.lang.AbstractStringBuilder.append(AbstractStringBuilder.java:583)
	at java.base/java.lang.StringBuilder.append(StringBuilder.java:179)
	at java.base/java.lang.StringBuilder.append(StringBuilder.java:91)
	at java.base/java.lang.AbstractStringBuilder.append(AbstractStringBuilder.java:622)
	at java.base/java.lang.StringBuilder.append(StringBuilder.java:209)
	at java.base/java.lang.StringBuilder.append(StringBuilder.java:91)
	at org.jetbrains.kotlin.utils.Printer.append(Printer.kt:39)
	at org.jetbrains.kotlin.utils.Printer.printWithNoIndent(Printer.kt:76)
	at org.jetbrains.kotlin.fir.renderer.FirPrinter.print(FirPrinter.kt:21)
	at org.jetbrains.kotlin.fir.renderer.FirModifierRenderer.renderModifier(FirModifierRenderer.kt:52)
	at org.jetbrains.kotlin.fir.renderer.FirModifierRenderer.renderModifiers(FirModifierRenderer.kt:40)
	at org.jetbrains.kotlin.fir.renderer.FirRenderer$Visitor.renderTypeParameter(FirRenderer.kt:524)
	at org.jetbrains.kotlin.fir.renderer.FirRenderer$Visitor.renderTypeParameter$default(FirRenderer.kt:522)
	at org.jetbrains.kotlin.fir.renderer.FirRenderer$Visitor.visitTypeParameter(FirRenderer.kt:519)
	at org.jetbrains.kotlin.fir.visitors.FirVisitorVoid.visitTypeParameter(FirVisitorVoid.kt:495)
	at org.jetbrains.kotlin.fir.visitors.FirVisitorVoid.visitTypeParameter(FirVisitorVoid.kt:22)
	at org.jetbrains.kotlin.fir.declarations.FirTypeParameter.accept(FirTypeParameter.kt:40)
	at org.jetbrains.kotlin.fir.FirElement.accept(FirElement.kt:49)
	at org.jetbrains.kotlin.fir.renderer.FirPrinter.renderSeparated$tree(FirPrinter.kt:56)
	at org.jetbrains.kotlin.fir.renderer.FirRenderer.renderSeparated(FirRenderer.kt:190)
	at org.jetbrains.kotlin.fir.renderer.FirRenderer.renderTypeParameters(FirRenderer.kt:172)
	at org.jetbrains.kotlin.fir.renderer.FirRenderer.access$renderTypeParameters(FirRenderer.kt:38)
	at org.jetbrains.kotlin.fir.renderer.FirRenderer$Visitor.visitMemberDeclaration(FirRenderer.kt:339)
	at org.jetbrains.kotlin.fir.renderer.FirRenderer$Visitor.visitCallableDeclaration(FirRenderer.kt:282)
	at org.jetbrains.kotlin.fir.renderer.FirRenderer$Visitor.visitFunction(FirRenderer.kt:486)
	at org.jetbrains.kotlin.fir.renderer.FirRenderer$Visitor.visitSimpleFunction(FirRenderer.kt:414)
	at org.jetbrains.kotlin.fir.visitors.FirVisitorVoid.visitSimpleFunction(FirVisitorVoid.kt:519)
	at org.jetbrains.kotlin.fir.visitors.FirVisitorVoid.visitSimpleFunction(FirVisitorVoid.kt:22)
	at org.jetbrains.kotlin.fir.declarations.FirSimpleFunction.accept(FirSimpleFunction.kt:51)
	at org.jetbrains.kotlin.fir.FirElement.accept(FirElement.kt:49)
	at org.jetbrains.kotlin.fir.renderer.FirRenderer.renderElementAsString(FirRenderer.kt:124)
	at org.jetbrains.kotlin.fir.analysis.diagnostics.FirDiagnosticRenderers.symbolRenderer$lambda$0(FirDiagnosticRenderers.kt:63)
	at org.jetbrains.kotlin.diagnostics.rendering.DiagnosticParameterRendererKt$Renderer$1.render(DiagnosticParameterRenderer.kt:30)
	at org.jetbrains.kotlin.diagnostics.rendering.ContextIndependentParameterRenderer.render(DiagnosticParameterRenderer.kt:24)
	at org.jetbrains.kotlin.diagnostics.rendering.DiagnosticParameterRendererKt.renderParameter(DiagnosticParameterRenderer.kt:38)
	at org.jetbrains.kotlin.diagnostics.KtDiagnosticWithParameters2Renderer.renderParameters(KtDiagnosticRenderer.kt:70)
	at org.jetbrains.kotlin.diagnostics.AbstractKtDiagnosticWithParametersRenderer.render(KtDiagnosticRenderer.kt:37)
	at org.jetbrains.kotlin.diagnostics.KtDiagnostic.renderMessage(KtDiagnostic.kt:27)
	at org.jetbrains.kotlin.cli.common.fir.FirDiagnosticsCompilerResultsReporter.reportDiagnosticToMessageCollector(FirDiagnosticsCompilerResultsReporter.kt:116)
	at org.jetbrains.kotlin.cli.common.fir.FirDiagnosticsCompilerResultsReporter.reportToMessageCollector$lambda$0(FirDiagnosticsCompilerResultsReporter.kt:24)
	at org.jetbrains.kotlin.cli.common.fir.FirDiagnosticsCompilerResultsReporter.reportByFile(FirDiagnosticsCompilerResultsReporter.kt:97)
	at org.jetbrains.kotlin.cli.common.fir.FirDiagnosticsCompilerResultsReporter.reportToMessageCollector(FirDiagnosticsCompilerResultsReporter.kt:23)
	at org.jetbrains.kotlin.cli.pipeline.CheckCompilationErrors$CheckDiagnosticCollector.reportDiagnosticsToMessageCollector(PipelineActions.kt:39)
	at org.jetbrains.kotlin.cli.pipeline.AbstractCliPipeline.runPhasedPipeline(AbstractCliPipeline.kt:131)
	at org.jetbrains.kotlin.cli.pipeline.AbstractCliPipeline.execute(AbstractCliPipeline.kt:68)
	at org.jetbrains.kotlin.cli.jvm.K2JVMCompiler.doExecutePhased(K2JVMCompiler.kt:79)
	at org.jetbrains.kotlin.cli.jvm.K2JVMCompiler.doExecutePhased(K2JVMCompiler.kt:45)
	at org.jetbrains.kotlin.cli.common.CLICompiler.execImpl(CLICompiler.kt:90)
	at org.jetbrains.kotlin.cli.common.CLICompiler.exec(CLICompiler.kt:352)
	at org.jetbrains.kotlin.incremental.IncrementalJvmCompilerRunnerBase.runCompiler(IncrementalJvmCompilerRunnerBase.kt:176)
	at org.jetbrains.kotlin.incremental.IncrementalJvmCompilerRunnerBase.runCompiler(IncrementalJvmCompilerRunnerBase.kt:39)
	at org.jetbrains.kotlin.incremental.IncrementalCompilerRunner.doCompile(IncrementalCompilerRunner.kt:499)
	at org.jetbrains.kotlin.incremental.IncrementalCompilerRunner.compileImpl(IncrementalCompilerRunner.kt:416)
	at org.jetbrains.kotlin.incremental.IncrementalCompilerRunner.tryCompileIncrementally$lambda$0$compile(IncrementalCompilerRunner.kt:249)
	at org.jetbrains.kotlin.incremental.IncrementalCompilerRunner.tryCompileIncrementally(IncrementalCompilerRunner.kt:267)
	at org.jetbrains.kotlin.incremental.IncrementalCompilerRunner.compile(IncrementalCompilerRunner.kt:119)
	at org.jetbrains.kotlin.daemon.CompileServiceImplBase.execIncrementalCompiler(CompileServiceImpl.kt:684)
	at org.jetbrains.kotlin.daemon.CompileServiceImplBase.access$execIncrementalCompiler(CompileServiceImpl.kt:94)
	at org.jetbrains.kotlin.daemon.CompileServiceImpl.compile(CompileServiceImpl.kt:1810)
	at jdk.internal.reflect.GeneratedMethodAccessor24.invoke(Unknown Source)
	at java.base/jdk.internal.reflect.DelegatingMethodAccessorImpl.invoke(DelegatingMethodAccessorImpl.java:43)
	at java.base/java.lang.reflect.Method.invoke(Method.java:569)
	at java.rmi/sun.rmi.server.UnicastServerRef.dispatch(UnicastServerRef.java:360)
	at java.rmi/sun.rmi.transport.Transport$1.run(Transport.java:200)
	at java.rmi/sun.rmi.transport.Transport$1.run(Transport.java:197)
	at java.base/java.security.AccessController.doPrivileged(AccessController.java:712)
	at java.rmi/sun.rmi.transport.Transport.serviceCall(Transport.java:196)
	at java.rmi/sun.rmi.transport.tcp.TCPTransport.handleMessages(TCPTransport.java:587)
	at java.rmi/sun.rmi.transport.tcp.TCPTransport$ConnectionHandler.run0(TCPTransport.java:828)
	at java.rmi/sun.rmi.transport.tcp.TCPTransport$ConnectionHandler.lambda$run$0(TCPTransport.java:705)
	at java.base/java.security.AccessController.doPrivileged(AccessController.java:399)
	at java.rmi/sun.rmi.transport.tcp.TCPTransport$ConnectionHandler.run(TCPTransport.java:704)
	at java.base/java.util.concurrent.ThreadPoolExecutor.runWorker(ThreadPoolExecutor.java:1136)
	at java.base/java.util.concurrent.ThreadPoolExecutor$Worker.run(ThreadPoolExecutor.java:635)
	at java.base/java.lang.Thread.run(Thread.java:840)


